<?xml version="1.0" encoding="UTF-8"?>
<!-- Generated by org.testng.reporters.JUnitReportReporter -->
<testsuite skipped="0" hostname="DESKTOP-0AG0V8V" name="com.testcases.TripAdviserTest" tests="1" failures="0" timestamp="02 Jan 2020 13:54:00 GMT" time="61.629" errors="0">
  <testcase name="verify_Write_a_review_for_the_given_input_Test" time="61.629" classname="com.testcases.TripAdviserTest"/>
</testsuite> <!-- com.testcases.TripAdviserTest -->
