<?xml version="1.0" encoding="UTF-8"?>
<!-- Generated by org.testng.reporters.JUnitReportReporter -->
<testsuite skipped="0" hostname="DESKTOP-0AG0V8V" name="com.testcases.iPhonePriceCheckerTest" tests="1" failures="0" timestamp="02 Jan 2020 14:47:29 GMT" time="33.165" errors="0">
  <testcase name="verify_iPhone_XR_64GB_yellow_price_Test" time="33.165" classname="com.testcases.iPhonePriceCheckerTest"/>
</testsuite> <!-- com.testcases.iPhonePriceCheckerTest -->
